2017-12-06 13:00:29 Error: [Cake\Database\Exception] SQLSTATE[3D000]: Invalid catalog name: 1046 No database selected in /Users/KEEL/Documents/Development/cakephp/vendor/cakephp/cakephp/src/Database/Schema/Collection.php on line 131
Stack Trace:
#0 /Users/KEEL/Documents/Development/cakephp/vendor/cakephp/cakephp/src/Database/Schema/Collection.php(97): Cake\Database\Schema\Collection->_reflect('Column', 'articles', Array, Object(Cake\Database\Schema\TableSchema))
#1 /Users/KEEL/Documents/Development/cakephp/vendor/cakephp/cakephp/src/Database/Schema/CachedCollection.php(63): Cake\Database\Schema\Collection->describe('articles', Array)
#2 /Users/KEEL/Documents/Development/cakephp/vendor/cakephp/cakephp/src/ORM/Table.php(532): Cake\Database\Schema\CachedCollection->describe('articles')
#3 /Users/KEEL/Documents/Development/cakephp/vendor/cakephp/bake/src/Shell/Task/TemplateTask.php(301): Cake\ORM\Table->getSchema()
#4 /Users/KEEL/Documents/Development/cakephp/vendor/cakephp/bake/src/Shell/Task/TemplateTask.php(151): Bake\Shell\Task\TemplateTask->_loadController()
#5 /Users/KEEL/Documents/Development/cakephp/vendor/cakephp/cakephp/src/Console/Shell.php(507): Bake\Shell\Task\TemplateTask->main('articles')
#6 /Users/KEEL/Documents/Development/cakephp/vendor/cakephp/cakephp/src/Console/Shell.php(500): Cake\Console\Shell->runCommand(Array, false, Array)
#7 /Users/KEEL/Documents/Development/cakephp/vendor/cakephp/cakephp/src/Console/CommandRunner.php(141): Cake\Console\Shell->runCommand(Array, true)
#8 /Users/KEEL/Documents/Development/cakephp/bin/cake.php(12): Cake\Console\CommandRunner->run(Array)
#9 {main}


2017-12-06 13:03:11 Error: [Cake\Database\Exception] SQLSTATE[3D000]: Invalid catalog name: 1046 No database selected in /Users/KEEL/Documents/Development/cakephp/vendor/cakephp/cakephp/src/Database/Schema/Collection.php on line 131
Stack Trace:
#0 /Users/KEEL/Documents/Development/cakephp/vendor/cakephp/cakephp/src/Database/Schema/Collection.php(97): Cake\Database\Schema\Collection->_reflect('Column', 'articles', Array, Object(Cake\Database\Schema\TableSchema))
#1 /Users/KEEL/Documents/Development/cakephp/vendor/cakephp/cakephp/src/Database/Schema/CachedCollection.php(63): Cake\Database\Schema\Collection->describe('articles', Array)
#2 /Users/KEEL/Documents/Development/cakephp/vendor/cakephp/cakephp/src/ORM/Table.php(532): Cake\Database\Schema\CachedCollection->describe('articles')
#3 /Users/KEEL/Documents/Development/cakephp/vendor/cakephp/bake/src/Shell/Task/TemplateTask.php(301): Cake\ORM\Table->getSchema()
#4 /Users/KEEL/Documents/Development/cakephp/vendor/cakephp/bake/src/Shell/Task/TemplateTask.php(151): Bake\Shell\Task\TemplateTask->_loadController()
#5 /Users/KEEL/Documents/Development/cakephp/vendor/cakephp/cakephp/src/Console/Shell.php(507): Bake\Shell\Task\TemplateTask->main('articles')
#6 /Users/KEEL/Documents/Development/cakephp/vendor/cakephp/cakephp/src/Console/Shell.php(500): Cake\Console\Shell->runCommand(Array, false, Array)
#7 /Users/KEEL/Documents/Development/cakephp/vendor/cakephp/cakephp/src/Console/CommandRunner.php(141): Cake\Console\Shell->runCommand(Array, true)
#8 /Users/KEEL/Documents/Development/cakephp/bin/cake.php(12): Cake\Console\CommandRunner->run(Array)
#9 {main}


