2017-12-17 00:34:31 Error: [Cake\Controller\Exception\MissingActionException] Action TasksController::pull() could not be found, or is not accessible.
Exception Attributes: array (
  'controller' => 'TasksController',
  'action' => 'pull',
  'prefix' => '',
  'plugin' => false,
)
Request URL: /tasks/pull.json
Stack Trace:
#0 /Users/KEEL/Documents/Development/cakephp/vendor/cakephp/cakephp/src/Http/ActionDispatcher.php(119): Cake\Controller\Controller->invokeAction()
#1 /Users/KEEL/Documents/Development/cakephp/vendor/cakephp/cakephp/src/Http/ActionDispatcher.php(93): Cake\Http\ActionDispatcher->_invoke(Object(App\Controller\TasksController))
#2 /Users/KEEL/Documents/Development/cakephp/vendor/cakephp/cakephp/src/Http/BaseApplication.php(108): Cake\Http\ActionDispatcher->dispatch(Object(Cake\Http\ServerRequest), Object(Cake\Http\Response))
#3 /Users/KEEL/Documents/Development/cakephp/vendor/cakephp/cakephp/src/Http/Runner.php(65): Cake\Http\BaseApplication->__invoke(Object(Cake\Http\ServerRequest), Object(Cake\Http\Response), Object(Cake\Http\Runner))
#4 /Users/KEEL/Documents/Development/cakephp/vendor/cakephp/cakephp/src/Routing/Middleware/RoutingMiddleware.php(104): Cake\Http\Runner->__invoke(Object(Cake\Http\ServerRequest), Object(Cake\Http\Response))
#5 /Users/KEEL/Documents/Development/cakephp/vendor/cakephp/cakephp/src/Http/Runner.php(65): Cake\Routing\Middleware\RoutingMiddleware->__invoke(Object(Cake\Http\ServerRequest), Object(Cake\Http\Response), Object(Cake\Http\Runner))
#6 /Users/KEEL/Documents/Development/cakephp/vendor/cakephp/cakephp/src/Routing/Middleware/AssetMiddleware.php(97): Cake\Http\Runner->__invoke(Object(Cake\Http\ServerRequest), Object(Cake\Http\Response))
#7 /Users/KEEL/Documents/Development/cakephp/vendor/cakephp/cakephp/src/Http/Runner.php(65): Cake\Routing\Middleware\AssetMiddleware->__invoke(Object(Cake\Http\ServerRequest), Object(Cake\Http\Response), Object(Cake\Http\Runner))
#8 /Users/KEEL/Documents/Development/cakephp/vendor/cakephp/cakephp/src/Error/Middleware/ErrorHandlerMiddleware.php(95): Cake\Http\Runner->__invoke(Object(Cake\Http\ServerRequest), Object(Cake\Http\Response))
#9 /Users/KEEL/Documents/Development/cakephp/vendor/cakephp/cakephp/src/Http/Runner.php(65): Cake\Error\Middleware\ErrorHandlerMiddleware->__invoke(Object(Cake\Http\ServerRequest), Object(Cake\Http\Response), Object(Cake\Http\Runner))
#10 /Users/KEEL/Documents/Development/cakephp/vendor/cakephp/debug_kit/src/Middleware/DebugKitMiddleware.php(52): Cake\Http\Runner->__invoke(Object(Cake\Http\ServerRequest), Object(Cake\Http\Response))
#11 /Users/KEEL/Documents/Development/cakephp/vendor/cakephp/cakephp/src/Http/Runner.php(65): DebugKit\Middleware\DebugKitMiddleware->__invoke(Object(Cake\Http\ServerRequest), Object(Cake\Http\Response), Object(Cake\Http\Runner))
#12 /Users/KEEL/Documents/Development/cakephp/vendor/cakephp/cakephp/src/Http/Runner.php(51): Cake\Http\Runner->__invoke(Object(Cake\Http\ServerRequest), Object(Cake\Http\Response))
#13 /Users/KEEL/Documents/Development/cakephp/vendor/cakephp/cakephp/src/Http/Server.php(81): Cake\Http\Runner->run(Object(Cake\Http\MiddlewareQueue), Object(Cake\Http\ServerRequest), Object(Cake\Http\Response))
#14 /Users/KEEL/Documents/Development/cakephp/webroot/index.php(40): Cake\Http\Server->run()
#15 {main}


2017-12-17 00:36:11 Error: [Error] Call to a member function findAll() on boolean in /Users/KEEL/Documents/Development/cakephp/src/Controller/TasksController.php on line 73
Request URL: /tasks/pull.json
Stack Trace:
#0 /Users/KEEL/Documents/Development/cakephp/vendor/cakephp/cakephp/src/Controller/Controller.php(440): App\Controller\TasksController->pull()
#1 /Users/KEEL/Documents/Development/cakephp/vendor/cakephp/cakephp/src/Http/ActionDispatcher.php(119): Cake\Controller\Controller->invokeAction()
#2 /Users/KEEL/Documents/Development/cakephp/vendor/cakephp/cakephp/src/Http/ActionDispatcher.php(93): Cake\Http\ActionDispatcher->_invoke(Object(App\Controller\TasksController))
#3 /Users/KEEL/Documents/Development/cakephp/vendor/cakephp/cakephp/src/Http/BaseApplication.php(108): Cake\Http\ActionDispatcher->dispatch(Object(Cake\Http\ServerRequest), Object(Cake\Http\Response))
#4 /Users/KEEL/Documents/Development/cakephp/vendor/cakephp/cakephp/src/Http/Runner.php(65): Cake\Http\BaseApplication->__invoke(Object(Cake\Http\ServerRequest), Object(Cake\Http\Response), Object(Cake\Http\Runner))
#5 /Users/KEEL/Documents/Development/cakephp/vendor/cakephp/cakephp/src/Routing/Middleware/RoutingMiddleware.php(104): Cake\Http\Runner->__invoke(Object(Cake\Http\ServerRequest), Object(Cake\Http\Response))
#6 /Users/KEEL/Documents/Development/cakephp/vendor/cakephp/cakephp/src/Http/Runner.php(65): Cake\Routing\Middleware\RoutingMiddleware->__invoke(Object(Cake\Http\ServerRequest), Object(Cake\Http\Response), Object(Cake\Http\Runner))
#7 /Users/KEEL/Documents/Development/cakephp/vendor/cakephp/cakephp/src/Routing/Middleware/AssetMiddleware.php(97): Cake\Http\Runner->__invoke(Object(Cake\Http\ServerRequest), Object(Cake\Http\Response))
#8 /Users/KEEL/Documents/Development/cakephp/vendor/cakephp/cakephp/src/Http/Runner.php(65): Cake\Routing\Middleware\AssetMiddleware->__invoke(Object(Cake\Http\ServerRequest), Object(Cake\Http\Response), Object(Cake\Http\Runner))
#9 /Users/KEEL/Documents/Development/cakephp/vendor/cakephp/cakephp/src/Error/Middleware/ErrorHandlerMiddleware.php(95): Cake\Http\Runner->__invoke(Object(Cake\Http\ServerRequest), Object(Cake\Http\Response))
#10 /Users/KEEL/Documents/Development/cakephp/vendor/cakephp/cakephp/src/Http/Runner.php(65): Cake\Error\Middleware\ErrorHandlerMiddleware->__invoke(Object(Cake\Http\ServerRequest), Object(Cake\Http\Response), Object(Cake\Http\Runner))
#11 /Users/KEEL/Documents/Development/cakephp/vendor/cakephp/debug_kit/src/Middleware/DebugKitMiddleware.php(52): Cake\Http\Runner->__invoke(Object(Cake\Http\ServerRequest), Object(Cake\Http\Response))
#12 /Users/KEEL/Documents/Development/cakephp/vendor/cakephp/cakephp/src/Http/Runner.php(65): DebugKit\Middleware\DebugKitMiddleware->__invoke(Object(Cake\Http\ServerRequest), Object(Cake\Http\Response), Object(Cake\Http\Runner))
#13 /Users/KEEL/Documents/Development/cakephp/vendor/cakephp/cakephp/src/Http/Runner.php(51): Cake\Http\Runner->__invoke(Object(Cake\Http\ServerRequest), Object(Cake\Http\Response))
#14 /Users/KEEL/Documents/Development/cakephp/vendor/cakephp/cakephp/src/Http/Server.php(81): Cake\Http\Runner->run(Object(Cake\Http\MiddlewareQueue), Object(Cake\Http\ServerRequest), Object(Cake\Http\Response))
#15 /Users/KEEL/Documents/Development/cakephp/webroot/index.php(40): Cake\Http\Server->run()
#16 {main}


2017-12-17 00:41:28 Warning: Warning (512): Unable to emit headers. Headers sent in file=/Users/KEEL/Documents/Development/cakephp/src/Controller/TasksController.php line=77 in [/Users/KEEL/Documents/Development/cakephp/vendor/cakephp/cakephp/src/Http/ResponseEmitter.php, line 48]
Request URL: /tasks/pull.json
Trace:
Cake\Error\BaseErrorHandler::handleError() - CORE/src/Error/BaseErrorHandler.php, line 153
Cake\Http\ResponseEmitter::emit() - CORE/src/Http/ResponseEmitter.php, line 48
Cake\Http\Server::emit() - CORE/src/Http/Server.php, line 106
[main] - ROOT/webroot/index.php, line 40



2017-12-17 00:41:28 Warning: Warning (2): Cannot modify header information - headers already sent by (output started at /Users/KEEL/Documents/Development/cakephp/src/Controller/TasksController.php:77) in [/Users/KEEL/Documents/Development/cakephp/vendor/cakephp/cakephp/src/Http/ResponseEmitter.php, line 148]
Request URL: /tasks/pull.json
Trace:
Cake\Error\BaseErrorHandler::handleError() - CORE/src/Error/BaseErrorHandler.php, line 153
header - [internal], line ??
Cake\Http\ResponseEmitter::emitStatusLine() - CORE/src/Http/ResponseEmitter.php, line 148
Cake\Http\ResponseEmitter::emit() - CORE/src/Http/ResponseEmitter.php, line 54
Cake\Http\Server::emit() - CORE/src/Http/Server.php, line 106
[main] - ROOT/webroot/index.php, line 40



2017-12-17 00:41:28 Warning: Warning (2): Cannot modify header information - headers already sent by (output started at /Users/KEEL/Documents/Development/cakephp/src/Controller/TasksController.php:77) in [/Users/KEEL/Documents/Development/cakephp/vendor/cakephp/cakephp/src/Http/ResponseEmitter.php, line 181]
Request URL: /tasks/pull.json
Trace:
Cake\Error\BaseErrorHandler::handleError() - CORE/src/Error/BaseErrorHandler.php, line 153
header - [internal], line ??
Cake\Http\ResponseEmitter::emitHeaders() - CORE/src/Http/ResponseEmitter.php, line 181
Cake\Http\ResponseEmitter::emit() - CORE/src/Http/ResponseEmitter.php, line 55
Cake\Http\Server::emit() - CORE/src/Http/Server.php, line 106
[main] - ROOT/webroot/index.php, line 40



2017-12-17 00:41:28 Warning: Warning (2): Cannot modify header information - headers already sent by (output started at /Users/KEEL/Documents/Development/cakephp/src/Controller/TasksController.php:77) in [/Users/KEEL/Documents/Development/cakephp/vendor/cakephp/cakephp/src/Http/ResponseEmitter.php, line 181]
Request URL: /tasks/pull.json
Trace:
Cake\Error\BaseErrorHandler::handleError() - CORE/src/Error/BaseErrorHandler.php, line 153
header - [internal], line ??
Cake\Http\ResponseEmitter::emitHeaders() - CORE/src/Http/ResponseEmitter.php, line 181
Cake\Http\ResponseEmitter::emit() - CORE/src/Http/ResponseEmitter.php, line 55
Cake\Http\Server::emit() - CORE/src/Http/Server.php, line 106
[main] - ROOT/webroot/index.php, line 40



2017-12-17 00:42:30 Warning: Warning (512): Unable to emit headers. Headers sent in file=/Users/KEEL/Documents/Development/cakephp/vendor/cakephp/cakephp/src/Error/Debugger.php line=850 in [/Users/KEEL/Documents/Development/cakephp/vendor/cakephp/cakephp/src/Http/ResponseEmitter.php, line 48]
Request URL: /tasks/pull.json
Trace:
Cake\Error\BaseErrorHandler::handleError() - CORE/src/Error/BaseErrorHandler.php, line 153
Cake\Http\ResponseEmitter::emit() - CORE/src/Http/ResponseEmitter.php, line 48
Cake\Http\Server::emit() - CORE/src/Http/Server.php, line 106
[main] - ROOT/webroot/index.php, line 40



2017-12-17 00:42:30 Warning: Warning (2): Cannot modify header information - headers already sent by (output started at /Users/KEEL/Documents/Development/cakephp/vendor/cakephp/cakephp/src/Error/Debugger.php:850) in [/Users/KEEL/Documents/Development/cakephp/vendor/cakephp/cakephp/src/Http/ResponseEmitter.php, line 148]
Request URL: /tasks/pull.json
Trace:
Cake\Error\BaseErrorHandler::handleError() - CORE/src/Error/BaseErrorHandler.php, line 153
header - [internal], line ??
Cake\Http\ResponseEmitter::emitStatusLine() - CORE/src/Http/ResponseEmitter.php, line 148
Cake\Http\ResponseEmitter::emit() - CORE/src/Http/ResponseEmitter.php, line 54
Cake\Http\Server::emit() - CORE/src/Http/Server.php, line 106
[main] - ROOT/webroot/index.php, line 40



2017-12-17 00:42:30 Warning: Warning (2): Cannot modify header information - headers already sent by (output started at /Users/KEEL/Documents/Development/cakephp/vendor/cakephp/cakephp/src/Error/Debugger.php:850) in [/Users/KEEL/Documents/Development/cakephp/vendor/cakephp/cakephp/src/Http/ResponseEmitter.php, line 181]
Request URL: /tasks/pull.json
Trace:
Cake\Error\BaseErrorHandler::handleError() - CORE/src/Error/BaseErrorHandler.php, line 153
header - [internal], line ??
Cake\Http\ResponseEmitter::emitHeaders() - CORE/src/Http/ResponseEmitter.php, line 181
Cake\Http\ResponseEmitter::emit() - CORE/src/Http/ResponseEmitter.php, line 55
Cake\Http\Server::emit() - CORE/src/Http/Server.php, line 106
[main] - ROOT/webroot/index.php, line 40



2017-12-17 00:42:30 Warning: Warning (2): Cannot modify header information - headers already sent by (output started at /Users/KEEL/Documents/Development/cakephp/vendor/cakephp/cakephp/src/Error/Debugger.php:850) in [/Users/KEEL/Documents/Development/cakephp/vendor/cakephp/cakephp/src/Http/ResponseEmitter.php, line 181]
Request URL: /tasks/pull.json
Trace:
Cake\Error\BaseErrorHandler::handleError() - CORE/src/Error/BaseErrorHandler.php, line 153
header - [internal], line ??
Cake\Http\ResponseEmitter::emitHeaders() - CORE/src/Http/ResponseEmitter.php, line 181
Cake\Http\ResponseEmitter::emit() - CORE/src/Http/ResponseEmitter.php, line 55
Cake\Http\Server::emit() - CORE/src/Http/Server.php, line 106
[main] - ROOT/webroot/index.php, line 40



2017-12-17 00:42:58 Warning: Warning (2): json_decode() expects parameter 1 to be string, array given in [/Users/KEEL/Documents/Development/cakephp/src/Controller/TasksController.php, line 77]
Request URL: /tasks/pull.json
Trace:
Cake\Error\BaseErrorHandler::handleError() - CORE/src/Error/BaseErrorHandler.php, line 153
json_decode - [internal], line ??
App\Controller\TasksController::pull() - APP/Controller/TasksController.php, line 77
Cake\Controller\Controller::invokeAction() - CORE/src/Controller/Controller.php, line 440
Cake\Http\ActionDispatcher::_invoke() - CORE/src/Http/ActionDispatcher.php, line 119
Cake\Http\ActionDispatcher::dispatch() - CORE/src/Http/ActionDispatcher.php, line 93
Cake\Http\BaseApplication::__invoke() - CORE/src/Http/BaseApplication.php, line 108
Cake\Http\Runner::__invoke() - CORE/src/Http/Runner.php, line 65
Cake\Routing\Middleware\RoutingMiddleware::__invoke() - CORE/src/Routing/Middleware/RoutingMiddleware.php, line 104
Cake\Http\Runner::__invoke() - CORE/src/Http/Runner.php, line 65
Cake\Routing\Middleware\AssetMiddleware::__invoke() - CORE/src/Routing/Middleware/AssetMiddleware.php, line 97
Cake\Http\Runner::__invoke() - CORE/src/Http/Runner.php, line 65
Cake\Error\Middleware\ErrorHandlerMiddleware::__invoke() - CORE/src/Error/Middleware/ErrorHandlerMiddleware.php, line 95
Cake\Http\Runner::__invoke() - CORE/src/Http/Runner.php, line 65
DebugKit\Middleware\DebugKitMiddleware::__invoke() - ROOT/vendor/cakephp/debug_kit/src/Middleware/DebugKitMiddleware.php, line 52
Cake\Http\Runner::__invoke() - CORE/src/Http/Runner.php, line 65
Cake\Http\Runner::run() - CORE/src/Http/Runner.php, line 51
Cake\Http\Server::run() - CORE/src/Http/Server.php, line 81
[main] - ROOT/webroot/index.php, line 40



2017-12-17 00:42:58 Warning: Warning (512): Unable to emit headers. Headers sent in file=/Users/KEEL/Documents/Development/cakephp/vendor/cakephp/cakephp/src/Error/Debugger.php line=850 in [/Users/KEEL/Documents/Development/cakephp/vendor/cakephp/cakephp/src/Http/ResponseEmitter.php, line 48]
Request URL: /tasks/pull.json
Trace:
Cake\Error\BaseErrorHandler::handleError() - CORE/src/Error/BaseErrorHandler.php, line 153
Cake\Http\ResponseEmitter::emit() - CORE/src/Http/ResponseEmitter.php, line 48
Cake\Http\Server::emit() - CORE/src/Http/Server.php, line 106
[main] - ROOT/webroot/index.php, line 40



2017-12-17 00:42:58 Warning: Warning (2): Cannot modify header information - headers already sent by (output started at /Users/KEEL/Documents/Development/cakephp/vendor/cakephp/cakephp/src/Error/Debugger.php:850) in [/Users/KEEL/Documents/Development/cakephp/vendor/cakephp/cakephp/src/Http/ResponseEmitter.php, line 148]
Request URL: /tasks/pull.json
Trace:
Cake\Error\BaseErrorHandler::handleError() - CORE/src/Error/BaseErrorHandler.php, line 153
header - [internal], line ??
Cake\Http\ResponseEmitter::emitStatusLine() - CORE/src/Http/ResponseEmitter.php, line 148
Cake\Http\ResponseEmitter::emit() - CORE/src/Http/ResponseEmitter.php, line 54
Cake\Http\Server::emit() - CORE/src/Http/Server.php, line 106
[main] - ROOT/webroot/index.php, line 40



2017-12-17 00:42:58 Warning: Warning (2): Cannot modify header information - headers already sent by (output started at /Users/KEEL/Documents/Development/cakephp/vendor/cakephp/cakephp/src/Error/Debugger.php:850) in [/Users/KEEL/Documents/Development/cakephp/vendor/cakephp/cakephp/src/Http/ResponseEmitter.php, line 181]
Request URL: /tasks/pull.json
Trace:
Cake\Error\BaseErrorHandler::handleError() - CORE/src/Error/BaseErrorHandler.php, line 153
header - [internal], line ??
Cake\Http\ResponseEmitter::emitHeaders() - CORE/src/Http/ResponseEmitter.php, line 181
Cake\Http\ResponseEmitter::emit() - CORE/src/Http/ResponseEmitter.php, line 55
Cake\Http\Server::emit() - CORE/src/Http/Server.php, line 106
[main] - ROOT/webroot/index.php, line 40



2017-12-17 00:42:58 Warning: Warning (2): Cannot modify header information - headers already sent by (output started at /Users/KEEL/Documents/Development/cakephp/vendor/cakephp/cakephp/src/Error/Debugger.php:850) in [/Users/KEEL/Documents/Development/cakephp/vendor/cakephp/cakephp/src/Http/ResponseEmitter.php, line 181]
Request URL: /tasks/pull.json
Trace:
Cake\Error\BaseErrorHandler::handleError() - CORE/src/Error/BaseErrorHandler.php, line 153
header - [internal], line ??
Cake\Http\ResponseEmitter::emitHeaders() - CORE/src/Http/ResponseEmitter.php, line 181
Cake\Http\ResponseEmitter::emit() - CORE/src/Http/ResponseEmitter.php, line 55
Cake\Http\Server::emit() - CORE/src/Http/Server.php, line 106
[main] - ROOT/webroot/index.php, line 40



2017-12-17 00:43:55 Error: [ParseError] syntax error, unexpected ',' in /Users/KEEL/Documents/Development/cakephp/src/Controller/TasksController.php on line 75
Request URL: /tasks/pull.json
Stack Trace:
#0 /Users/KEEL/Documents/Development/cakephp/vendor/composer/ClassLoader.php(301): Composer\Autoload\includeFile('/Users/KEEL/Doc...')
#1 [internal function]: Composer\Autoload\ClassLoader->loadClass('App\\Controller\\...')
#2 [internal function]: spl_autoload_call('App\\Controller\\...')
#3 /Users/KEEL/Documents/Development/cakephp/vendor/cakephp/cakephp/src/Core/App.php(152): class_exists('App\\Controller\\...')
#4 /Users/KEEL/Documents/Development/cakephp/vendor/cakephp/cakephp/src/Core/App.php(64): Cake\Core\App::_classExistsInBase('\\Controller\\Tas...', 'App')
#5 /Users/KEEL/Documents/Development/cakephp/vendor/cakephp/cakephp/src/Http/ControllerFactory.php(88): Cake\Core\App::className('Tasks', 'Controller', 'Controller')
#6 /Users/KEEL/Documents/Development/cakephp/vendor/cakephp/cakephp/src/Http/ControllerFactory.php(36): Cake\Http\ControllerFactory->getControllerClass(Object(Cake\Http\ServerRequest))
#7 /Users/KEEL/Documents/Development/cakephp/vendor/cakephp/cakephp/src/Http/ActionDispatcher.php(90): Cake\Http\ControllerFactory->create(Object(Cake\Http\ServerRequest), Object(Cake\Http\Response))
#8 /Users/KEEL/Documents/Development/cakephp/vendor/cakephp/cakephp/src/Http/BaseApplication.php(108): Cake\Http\ActionDispatcher->dispatch(Object(Cake\Http\ServerRequest), Object(Cake\Http\Response))
#9 /Users/KEEL/Documents/Development/cakephp/vendor/cakephp/cakephp/src/Http/Runner.php(65): Cake\Http\BaseApplication->__invoke(Object(Cake\Http\ServerRequest), Object(Cake\Http\Response), Object(Cake\Http\Runner))
#10 /Users/KEEL/Documents/Development/cakephp/vendor/cakephp/cakephp/src/Routing/Middleware/RoutingMiddleware.php(104): Cake\Http\Runner->__invoke(Object(Cake\Http\ServerRequest), Object(Cake\Http\Response))
#11 /Users/KEEL/Documents/Development/cakephp/vendor/cakephp/cakephp/src/Http/Runner.php(65): Cake\Routing\Middleware\RoutingMiddleware->__invoke(Object(Cake\Http\ServerRequest), Object(Cake\Http\Response), Object(Cake\Http\Runner))
#12 /Users/KEEL/Documents/Development/cakephp/vendor/cakephp/cakephp/src/Routing/Middleware/AssetMiddleware.php(97): Cake\Http\Runner->__invoke(Object(Cake\Http\ServerRequest), Object(Cake\Http\Response))
#13 /Users/KEEL/Documents/Development/cakephp/vendor/cakephp/cakephp/src/Http/Runner.php(65): Cake\Routing\Middleware\AssetMiddleware->__invoke(Object(Cake\Http\ServerRequest), Object(Cake\Http\Response), Object(Cake\Http\Runner))
#14 /Users/KEEL/Documents/Development/cakephp/vendor/cakephp/cakephp/src/Error/Middleware/ErrorHandlerMiddleware.php(95): Cake\Http\Runner->__invoke(Object(Cake\Http\ServerRequest), Object(Cake\Http\Response))
#15 /Users/KEEL/Documents/Development/cakephp/vendor/cakephp/cakephp/src/Http/Runner.php(65): Cake\Error\Middleware\ErrorHandlerMiddleware->__invoke(Object(Cake\Http\ServerRequest), Object(Cake\Http\Response), Object(Cake\Http\Runner))
#16 /Users/KEEL/Documents/Development/cakephp/vendor/cakephp/debug_kit/src/Middleware/DebugKitMiddleware.php(52): Cake\Http\Runner->__invoke(Object(Cake\Http\ServerRequest), Object(Cake\Http\Response))
#17 /Users/KEEL/Documents/Development/cakephp/vendor/cakephp/cakephp/src/Http/Runner.php(65): DebugKit\Middleware\DebugKitMiddleware->__invoke(Object(Cake\Http\ServerRequest), Object(Cake\Http\Response), Object(Cake\Http\Runner))
#18 /Users/KEEL/Documents/Development/cakephp/vendor/cakephp/cakephp/src/Http/Runner.php(51): Cake\Http\Runner->__invoke(Object(Cake\Http\ServerRequest), Object(Cake\Http\Response))
#19 /Users/KEEL/Documents/Development/cakephp/vendor/cakephp/cakephp/src/Http/Server.php(81): Cake\Http\Runner->run(Object(Cake\Http\MiddlewareQueue), Object(Cake\Http\ServerRequest), Object(Cake\Http\Response))
#20 /Users/KEEL/Documents/Development/cakephp/webroot/index.php(40): Cake\Http\Server->run()
#21 {main}


